<?xml version="1.0" encoding="UTF-8"?>
<!-- Generated by org.testng.reporters.JUnitXMLReporter -->
<testsuite ignored="0" hostname="kamalesh" failures="1" tests="7" name="Test" time="121.462" errors="0" timestamp="2024-02-19T21:34:09 IST">
  <testcase classname="Orangehrm.testcases.LoginPageTestCases" name="forgotPassword" time="1.881"/>
  <testcase classname="Orangehrm.testcases.LoginPageTestCases" name="loginTestCase" time="23.381"/>
  <testcase classname="Orangehrm.testcases.LoginPageTestCases" name="loginTestCaseInavalid" time="1.198"/>
  <testcase classname="Orangehrm.testcases.LoginPageTestCases" name="loginTestCaseInavalid" time="0.85"/>
  <testcase classname="Orangehrm.testcases.LoginPageTestCases" name="loginTestCaseInavalid" time="1.22"/>
  <testcase classname="Orangehrm.testcases.LoginPageTestCases" name="loginTestCaseInavalid" time="1.034"/>
  <testcase classname="Orangehrm.testcases.LoginPageTestCases" name="loginTestCaseInavalid" time="21.736">
    <failure type="org.openqa.selenium.NoSuchElementException" message="Unable to locate element: #spanMessage
For documentation on this error, please visit: https://www.seleniumhq.org/exceptions/no_such_element.html
Build info: version: &amp;apos;3.141.59&amp;apos;, revision: &amp;apos;e82be7d358&amp;apos;, time: &amp;apos;2018-11-14T08:17:03&amp;apos;
System info: host: &amp;apos;KAMALESH&amp;apos;, ip: &amp;apos;192.168.0.106&amp;apos;, os.name: &amp;apos;Windows 10&amp;apos;, os.arch: &amp;apos;amd64&amp;apos;, os.version: &amp;apos;10.0&amp;apos;, java.version: &amp;apos;11.0.21&amp;apos;
Driver info: org.openqa.selenium.firefox.FirefoxDriver
Capabilities {acceptInsecureCerts: true, browserName: firefox, browserVersion: 122.0.1, javascriptEnabled: true, moz:accessibilityChecks: false, moz:buildID: 20240205133611, moz:geckodriverVersion: 0.34.0, moz:headless: false, moz:platformVersion: 10.0, moz:processID: 21696, moz:profile: C:\Users\kamal\AppData\Loca..., moz:shutdownTimeout: 60000, moz:webdriverClick: true, moz:windowless: false, pageLoadStrategy: normal, platform: WINDOWS, platformName: WINDOWS, proxy: Proxy(), setWindowRect: true, strictFileInteractability: false, timeouts: {implicit: 0, pageLoad: 300000, script: 30000}, unhandledPromptBehavior: dismiss and notify}
Session ID: 68b8cb6e-0395-483a-a6d6-0cc7492e467b
*** Element info: {Using=id, value=spanMessage}">
      <![CDATA[org.openqa.selenium.NoSuchElementException: Unable to locate element: #spanMessage
For documentation on this error, please visit: https://www.seleniumhq.org/exceptions/no_such_element.html
Build info: version: '3.141.59', revision: 'e82be7d358', time: '2018-11-14T08:17:03'
System info: host: 'KAMALESH', ip: '192.168.0.106', os.name: 'Windows 10', os.arch: 'amd64', os.version: '10.0', java.version: '11.0.21'
Driver info: org.openqa.selenium.firefox.FirefoxDriver
Capabilities {acceptInsecureCerts: true, browserName: firefox, browserVersion: 122.0.1, javascriptEnabled: true, moz:accessibilityChecks: false, moz:buildID: 20240205133611, moz:geckodriverVersion: 0.34.0, moz:headless: false, moz:platformVersion: 10.0, moz:processID: 21696, moz:profile: C:\Users\kamal\AppData\Loca..., moz:shutdownTimeout: 60000, moz:webdriverClick: true, moz:windowless: false, pageLoadStrategy: normal, platform: WINDOWS, platformName: WINDOWS, proxy: Proxy(), setWindowRect: true, strictFileInteractability: false, timeouts: {implicit: 0, pageLoad: 300000, script: 30000}, unhandledPromptBehavior: dismiss and notify}
Session ID: 68b8cb6e-0395-483a-a6d6-0cc7492e467b
*** Element info: {Using=id, value=spanMessage}
at org.openqa.selenium.remote.http.W3CHttpResponseCodec.createException(W3CHttpResponseCodec.java:187)
at org.openqa.selenium.remote.http.W3CHttpResponseCodec.decode(W3CHttpResponseCodec.java:122)
at org.openqa.selenium.remote.http.W3CHttpResponseCodec.decode(W3CHttpResponseCodec.java:49)
at org.openqa.selenium.remote.HttpCommandExecutor.execute(HttpCommandExecutor.java:158)
at org.openqa.selenium.remote.service.DriverCommandExecutor.execute(DriverCommandExecutor.java:83)
at org.openqa.selenium.remote.RemoteWebDriver.execute(RemoteWebDriver.java:552)
at org.openqa.selenium.remote.RemoteWebDriver.findElement(RemoteWebDriver.java:323)
at org.openqa.selenium.remote.RemoteWebDriver.findElementById(RemoteWebDriver.java:372)
at org.openqa.selenium.By$ById.findElement(By.java:188)
at org.openqa.selenium.remote.RemoteWebDriver.findElement(RemoteWebDriver.java:315)
at Orangehrm.library.LoginPage.isErrorMessageDisplayed(LoginPage.java:66)
at Orangehrm.testcases.LoginPageTestCases.loginTestCaseInavalid(LoginPageTestCases.java:57)
at java.base/java.util.ArrayList.forEach(ArrayList.java:1541)
... Removed 35 stack frames]]>
    </failure>
  </testcase> <!-- loginTestCaseInavalid -->
</testsuite> <!-- Test -->
