<?xml version="1.0" encoding="UTF-8"?>
<!-- Generated by org.testng.reporters.JUnitXMLReporter -->
<testsuite ignored="0" hostname="kamalesh" failures="0" tests="5" name="Test" time="41.915" errors="0" timestamp="2024-02-19T11:53:11 IST">
  <testcase classname="Orangehrm.testcases.LoginPageTestCases" name="forgotPassword" time="2.31"/>
  <testcase classname="Orangehrm.testcases.LoginPageTestCases" name="loginTestCase" time="3.366"/>
  <testcase classname="Orangehrm.testcases.LoginPageTestCases" name="loginTestCaseInavalid" time="1.159"/>
  <testcase classname="Orangehrm.testcases.LoginPageTestCases" name="loginWithEmptyUsername" time="0.929"/>
  <testcase classname="Orangehrm.testcases.LoginPageTestCases" name="loginWithEmptypassword" time="1.451"/>
</testsuite> <!-- Test -->
