<?xml version="1.0" encoding="UTF-8"?>
<testsuite xmlns:xsi="http://www.w3.org/2001/XMLSchema-instance" xsi:noNamespaceSchemaLocation="https://maven.apache.org/surefire/maven-surefire-plugin/xsd/surefire-test-report.xsd" name="TestSuite" time="46.488" tests="5" errors="0" skipped="0" failures="0">
  <properties>
[...]
</properties>
  <testcase name="forgotPassword" classname="Orangehrm.testcases.LoginPageTestCases" time="2.045"/>
  <testcase name="loginTestCase" classname="Orangehrm.testcases.LoginPageTestCases" time="3.293"/>
  <testcase name="loginTestCaseInavalid" classname="Orangehrm.testcases.LoginPageTestCases" time="1.15"/>
  <testcase name="loginWithEmptyUsername" classname="Orangehrm.testcases.LoginPageTestCases" time="0.912"/>
  <testcase name="loginWithEmptypassword" classname="Orangehrm.testcases.LoginPageTestCases" time="1.359"/>
</testsuite>