<?xml version="1.0" encoding="UTF-8"?>
<testsuite xmlns:xsi="http://www.w3.org/2001/XMLSchema-instance" xsi:noNamespaceSchemaLocation="https://maven.apache.org/surefire/maven-surefire-plugin/xsd/surefire-test-report.xsd" name="TestSuite" time="72.24" tests="7" errors="0" skipped="0" failures="1">
  <properties>
[...]
</properties>
  <testcase name="forgotPassword" classname="Orangehrm.testcases.LoginPageTestCases" time="1.478"/>
  <testcase name="loginTestCase" classname="Orangehrm.testcases.LoginPageTestCases" time="3.04"/>
  <testcase name="loginTestCaseInavalid" classname="Orangehrm.testcases.LoginPageTestCases" time="1.219"/>
  <testcase name="loginTestCaseInavalid" classname="Orangehrm.testcases.LoginPageTestCases" time="0.91"/>
  <testcase name="loginTestCaseInavalid" classname="Orangehrm.testcases.LoginPageTestCases" time="0.942"/>
  <testcase name="loginTestCaseInavalid" classname="Orangehrm.testcases.LoginPageTestCases" time="0.811"/>
  <testcase name="loginTestCaseInavalid" classname="Orangehrm.testcases.LoginPageTestCases" time="21.588">
    <failure message="no such element: Unable to locate element: {&quot;method&quot;:&quot;css selector&quot;,&quot;selector&quot;:&quot;#spanMessage&quot;}&#10;  (Session info: chrome=121.0.6167.185)&#10;For documentation on this error, please visit: https://www.seleniumhq.org/exceptions/no_such_element.html&#10;Build info: version: &apos;3.141.59&apos;, revision: &apos;e82be7d358&apos;, time: &apos;2018-11-14T08:17:03&apos;&#10;System info: host: &apos;KAMALESH&apos;, ip: &apos;192.168.0.106&apos;, os.name: &apos;Windows 10&apos;, os.arch: &apos;amd64&apos;, os.version: &apos;10.0&apos;, java.version: &apos;11.0.21&apos;&#10;Driver info: org.openqa.selenium.chrome.ChromeDriver&#10;Capabilities {acceptInsecureCerts: false, browserName: chrome, browserVersion: 121.0.6167.185, chrome: {chromedriverVersion: 121.0.6167.184 (057a8ae7deb..., userDataDir: C:\Users\kamal\AppData\Loca...}, fedcm:accounts: true, goog:chromeOptions: {debuggerAddress: localhost:51633}, javascriptEnabled: true, networkConnectionEnabled: false, pageLoadStrategy: normal, platform: WINDOWS, platformName: WINDOWS, proxy: Proxy(), setWindowRect: true, strictFileInteractability: false, timeouts: {implicit: 0, pageLoad: 300000, script: 30000}, unhandledPromptBehavior: dismiss and notify, webauthn:extension:credBlob: true, webauthn:extension:largeBlob: true, webauthn:extension:minPinLength: true, webauthn:extension:prf: true, webauthn:virtualAuthenticators: true}&#10;Session ID: 581a152056e5250415ec38d4e5dd72db&#10;*** Element info: {Using=id, value=spanMessage}" type="org.openqa.selenium.NoSuchElementException">org.openqa.selenium.NoSuchElementException: 
no such element: Unable to locate element: {"method":"css selector","selector":"#spanMessage"}
  (Session info: chrome=121.0.6167.185)
For documentation on this error, please visit: https://www.seleniumhq.org/exceptions/no_such_element.html
Build info: version: '3.141.59', revision: 'e82be7d358', time: '2018-11-14T08:17:03'
System info: host: 'KAMALESH', ip: '192.168.0.106', os.name: 'Windows 10', os.arch: 'amd64', os.version: '10.0', java.version: '11.0.21'
Driver info: org.openqa.selenium.chrome.ChromeDriver
Capabilities {acceptInsecureCerts: false, browserName: chrome, browserVersion: 121.0.6167.185, chrome: {chromedriverVersion: 121.0.6167.184 (057a8ae7deb..., userDataDir: C:\Users\kamal\AppData\Loca...}, fedcm:accounts: true, goog:chromeOptions: {debuggerAddress: localhost:51633}, javascriptEnabled: true, networkConnectionEnabled: false, pageLoadStrategy: normal, platform: WINDOWS, platformName: WINDOWS, proxy: Proxy(), setWindowRect: true, strictFileInteractability: false, timeouts: {implicit: 0, pageLoad: 300000, script: 30000}, unhandledPromptBehavior: dismiss and notify, webauthn:extension:credBlob: true, webauthn:extension:largeBlob: true, webauthn:extension:minPinLength: true, webauthn:extension:prf: true, webauthn:virtualAuthenticators: true}
Session ID: 581a152056e5250415ec38d4e5dd72db
*** Element info: {Using=id, value=spanMessage}
	at Orangehrm.testcases.LoginPageTestCases.loginTestCaseInavalid(LoginPageTestCases.java:57)
</failure>
    <system-out><![CDATA[<---Testcase started loginTestCaseInavalid ----->
Admin|Qedge123!@#
<---- Test ExecutionloginTestCaseInavalidFailed---->
loginTestCaseInavalidFailed---->
Screenshot captured for test case:loginTestCaseInavalid
]]></system-out>
    <system-err><![CDATA[[1708353915.633][SEVERE]: Unable to receive message from renderer
Starting ChromeDriver 121.0.6167.184 (057a8ae7deb3374d0f1b04b36304d236f0136188-refs/branch-heads/6167@{#1818}) on port 34785
Only local connections are allowed.
Please see https://chromedriver.chromium.org/security-considerations for suggestions on keeping ChromeDriver safe.
ChromeDriver was started successfully.
Feb 19, 2024 8:15:17 PM org.openqa.selenium.remote.ProtocolHandshake createSession
INFO: Detected dialect: W3C
]]></system-err>
  </testcase>
</testsuite>