<?xml version="1.0" encoding="UTF-8"?>
<testng-results ignored="0" total="7" passed="6" failed="1" skipped="0">
  <reporter-output>
  </reporter-output>
  <suite started-at="2024-02-19T20:14:33 IST" name="Suite" finished-at="2024-02-19T20:15:41 IST" duration-ms="67356">
    <groups>
    </groups>
    <test started-at="2024-02-19T20:14:33 IST" name="Test" finished-at="2024-02-19T20:15:41 IST" duration-ms="67356">
      <class name="Orangehrm.testcases.LoginPageTestCases">
        <test-method is-config="true" signature="beforelogin()[pri:0, instance:Orangehrm.testcases.LoginPageTestCases@38320e34]" started-at="2024-02-19T20:14:34 IST" name="beforelogin" finished-at="2024-02-19T20:14:42 IST" duration-ms="8094" status="PASS">
          <reporter-output>
          </reporter-output>
        </test-method> <!-- beforelogin -->
        <test-method signature="forgotPassword()[pri:0, instance:Orangehrm.testcases.LoginPageTestCases@38320e34]" started-at="2024-02-19T20:14:43 IST" name="forgotPassword" finished-at="2024-02-19T20:14:44 IST" duration-ms="1559" status="PASS">
          <reporter-output>
          </reporter-output>
        </test-method> <!-- forgotPassword -->
        <test-method is-config="true" signature="afterlogin()[pri:0, instance:Orangehrm.testcases.LoginPageTestCases@38320e34]" started-at="2024-02-19T20:14:44 IST" name="afterlogin" finished-at="2024-02-19T20:14:45 IST" duration-ms="406" status="PASS">
          <reporter-output>
          </reporter-output>
        </test-method> <!-- afterlogin -->
        <test-method is-config="true" signature="beforelogin()[pri:0, instance:Orangehrm.testcases.LoginPageTestCases@38320e34]" started-at="2024-02-19T20:14:45 IST" name="beforelogin" finished-at="2024-02-19T20:14:48 IST" duration-ms="3140" status="PASS">
          <reporter-output>
          </reporter-output>
        </test-method> <!-- beforelogin -->
        <test-method signature="loginTestCase()[pri:0, instance:Orangehrm.testcases.LoginPageTestCases@38320e34]" started-at="2024-02-19T20:14:48 IST" name="loginTestCase" finished-at="2024-02-19T20:14:51 IST" duration-ms="3070" status="PASS">
          <reporter-output>
          </reporter-output>
        </test-method> <!-- loginTestCase -->
        <test-method is-config="true" signature="afterlogin()[pri:0, instance:Orangehrm.testcases.LoginPageTestCases@38320e34]" started-at="2024-02-19T20:14:51 IST" name="afterlogin" finished-at="2024-02-19T20:14:51 IST" duration-ms="266" status="PASS">
          <reporter-output>
          </reporter-output>
        </test-method> <!-- afterlogin -->
        <test-method is-config="true" signature="beforelogin()[pri:0, instance:Orangehrm.testcases.LoginPageTestCases@38320e34]" started-at="2024-02-19T20:14:55 IST" name="beforelogin" finished-at="2024-02-19T20:14:58 IST" duration-ms="2888" status="PASS">
          <reporter-output>
          </reporter-output>
        </test-method> <!-- beforelogin -->
        <test-method signature="loginTestCaseInavalid(java.lang.String, java.lang.String)[pri:0, instance:Orangehrm.testcases.LoginPageTestCases@38320e34]" started-at="2024-02-19T20:14:58 IST" name="loginTestCaseInavalid" data-provider="logindata" finished-at="2024-02-19T20:14:59 IST" duration-ms="1256" status="PASS">
          <params>
            <param index="0">
              <value>
                <![CDATA[Admin]]>
              </value>
            </param>
            <param index="1">
              <value>
                <![CDATA[ ]]>
              </value>
            </param>
          </params>
          <reporter-output>
          </reporter-output>
        </test-method> <!-- loginTestCaseInavalid -->
        <test-method is-config="true" signature="afterlogin()[pri:0, instance:Orangehrm.testcases.LoginPageTestCases@38320e34]" started-at="2024-02-19T20:14:59 IST" name="afterlogin" finished-at="2024-02-19T20:15:00 IST" duration-ms="289" status="PASS">
          <reporter-output>
          </reporter-output>
        </test-method> <!-- afterlogin -->
        <test-method is-config="true" signature="beforelogin()[pri:0, instance:Orangehrm.testcases.LoginPageTestCases@38320e34]" started-at="2024-02-19T20:15:00 IST" name="beforelogin" finished-at="2024-02-19T20:15:03 IST" duration-ms="3577" status="PASS">
          <reporter-output>
          </reporter-output>
        </test-method> <!-- beforelogin -->
        <test-method signature="loginTestCaseInavalid(java.lang.String, java.lang.String)[pri:0, instance:Orangehrm.testcases.LoginPageTestCases@38320e34]" started-at="2024-02-19T20:15:03 IST" name="loginTestCaseInavalid" data-provider="logindata" finished-at="2024-02-19T20:15:04 IST" duration-ms="931" status="PASS">
          <params>
            <param index="0">
              <value>
                <![CDATA[ ]]>
              </value>
            </param>
            <param index="1">
              <value>
                <![CDATA[password]]>
              </value>
            </param>
          </params>
          <reporter-output>
          </reporter-output>
        </test-method> <!-- loginTestCaseInavalid -->
        <test-method is-config="true" signature="afterlogin()[pri:0, instance:Orangehrm.testcases.LoginPageTestCases@38320e34]" started-at="2024-02-19T20:15:04 IST" name="afterlogin" finished-at="2024-02-19T20:15:05 IST" duration-ms="435" status="PASS">
          <reporter-output>
          </reporter-output>
        </test-method> <!-- afterlogin -->
        <test-method is-config="true" signature="beforelogin()[pri:0, instance:Orangehrm.testcases.LoginPageTestCases@38320e34]" started-at="2024-02-19T20:15:05 IST" name="beforelogin" finished-at="2024-02-19T20:15:09 IST" duration-ms="4074" status="PASS">
          <reporter-output>
          </reporter-output>
        </test-method> <!-- beforelogin -->
        <test-method signature="loginTestCaseInavalid(java.lang.String, java.lang.String)[pri:0, instance:Orangehrm.testcases.LoginPageTestCases@38320e34]" started-at="2024-02-19T20:15:09 IST" name="loginTestCaseInavalid" data-provider="logindata" finished-at="2024-02-19T20:15:10 IST" duration-ms="1001" status="PASS">
          <params>
            <param index="0">
              <value>
                <![CDATA[ ]]>
              </value>
            </param>
            <param index="1">
              <value>
                <![CDATA[ ]]>
              </value>
            </param>
          </params>
          <reporter-output>
          </reporter-output>
        </test-method> <!-- loginTestCaseInavalid -->
        <test-method is-config="true" signature="afterlogin()[pri:0, instance:Orangehrm.testcases.LoginPageTestCases@38320e34]" started-at="2024-02-19T20:15:10 IST" name="afterlogin" finished-at="2024-02-19T20:15:10 IST" duration-ms="286" status="PASS">
          <reporter-output>
          </reporter-output>
        </test-method> <!-- afterlogin -->
        <test-method is-config="true" signature="beforelogin()[pri:0, instance:Orangehrm.testcases.LoginPageTestCases@38320e34]" started-at="2024-02-19T20:15:10 IST" name="beforelogin" finished-at="2024-02-19T20:15:14 IST" duration-ms="4163" status="PASS">
          <reporter-output>
          </reporter-output>
        </test-method> <!-- beforelogin -->
        <test-method signature="loginTestCaseInavalid(java.lang.String, java.lang.String)[pri:0, instance:Orangehrm.testcases.LoginPageTestCases@38320e34]" started-at="2024-02-19T20:15:14 IST" name="loginTestCaseInavalid" data-provider="logindata" finished-at="2024-02-19T20:15:15 IST" duration-ms="861" status="PASS">
          <params>
            <param index="0">
              <value>
                <![CDATA[Hello]]>
              </value>
            </param>
            <param index="1">
              <value>
                <![CDATA[Hello]]>
              </value>
            </param>
          </params>
          <reporter-output>
          </reporter-output>
        </test-method> <!-- loginTestCaseInavalid -->
        <test-method is-config="true" signature="afterlogin()[pri:0, instance:Orangehrm.testcases.LoginPageTestCases@38320e34]" started-at="2024-02-19T20:15:15 IST" name="afterlogin" finished-at="2024-02-19T20:15:15 IST" duration-ms="272" status="PASS">
          <reporter-output>
          </reporter-output>
        </test-method> <!-- afterlogin -->
        <test-method is-config="true" signature="beforelogin()[pri:0, instance:Orangehrm.testcases.LoginPageTestCases@38320e34]" started-at="2024-02-19T20:15:15 IST" name="beforelogin" finished-at="2024-02-19T20:15:19 IST" duration-ms="3540" status="PASS">
          <reporter-output>
          </reporter-output>
        </test-method> <!-- beforelogin -->
        <test-method signature="loginTestCaseInavalid(java.lang.String, java.lang.String)[pri:0, instance:Orangehrm.testcases.LoginPageTestCases@38320e34]" started-at="2024-02-19T20:15:19 IST" name="loginTestCaseInavalid" data-provider="logindata" finished-at="2024-02-19T20:15:40 IST" duration-ms="21438" status="FAIL">
          <params>
            <param index="0">
              <value>
                <![CDATA[Admin]]>
              </value>
            </param>
            <param index="1">
              <value>
                <![CDATA[Qedge123!@#]]>
              </value>
            </param>
          </params>
          <exception class="org.openqa.selenium.NoSuchElementException">
            <message>
              <![CDATA[no such element: Unable to locate element: {"method":"css selector","selector":"#spanMessage"}
  (Session info: chrome=121.0.6167.185)
For documentation on this error, please visit: https://www.seleniumhq.org/exceptions/no_such_element.html
Build info: version: '3.141.59', revision: 'e82be7d358', time: '2018-11-14T08:17:03'
System info: host: 'KAMALESH', ip: '192.168.0.106', os.name: 'Windows 10', os.arch: 'amd64', os.version: '10.0', java.version: '11.0.21'
Driver info: org.openqa.selenium.chrome.ChromeDriver
Capabilities {acceptInsecureCerts: false, browserName: chrome, browserVersion: 121.0.6167.185, chrome: {chromedriverVersion: 121.0.6167.184 (057a8ae7deb..., userDataDir: C:\Users\kamal\AppData\Loca...}, fedcm:accounts: true, goog:chromeOptions: {debuggerAddress: localhost:51633}, javascriptEnabled: true, networkConnectionEnabled: false, pageLoadStrategy: normal, platform: WINDOWS, platformName: WINDOWS, proxy: Proxy(), setWindowRect: true, strictFileInteractability: false, timeouts: {implicit: 0, pageLoad: 300000, script: 30000}, unhandledPromptBehavior: dismiss and notify, webauthn:extension:credBlob: true, webauthn:extension:largeBlob: true, webauthn:extension:minPinLength: true, webauthn:extension:prf: true, webauthn:virtualAuthenticators: true}
Session ID: 581a152056e5250415ec38d4e5dd72db
*** Element info: {Using=id, value=spanMessage}]]>
            </message>
            <full-stacktrace>
              <![CDATA[org.openqa.selenium.NoSuchElementException: no such element: Unable to locate element: {"method":"css selector","selector":"#spanMessage"}
  (Session info: chrome=121.0.6167.185)
For documentation on this error, please visit: https://www.seleniumhq.org/exceptions/no_such_element.html
Build info: version: '3.141.59', revision: 'e82be7d358', time: '2018-11-14T08:17:03'
System info: host: 'KAMALESH', ip: '192.168.0.106', os.name: 'Windows 10', os.arch: 'amd64', os.version: '10.0', java.version: '11.0.21'
Driver info: org.openqa.selenium.chrome.ChromeDriver
Capabilities {acceptInsecureCerts: false, browserName: chrome, browserVersion: 121.0.6167.185, chrome: {chromedriverVersion: 121.0.6167.184 (057a8ae7deb..., userDataDir: C:\Users\kamal\AppData\Loca...}, fedcm:accounts: true, goog:chromeOptions: {debuggerAddress: localhost:51633}, javascriptEnabled: true, networkConnectionEnabled: false, pageLoadStrategy: normal, platform: WINDOWS, platformName: WINDOWS, proxy: Proxy(), setWindowRect: true, strictFileInteractability: false, timeouts: {implicit: 0, pageLoad: 300000, script: 30000}, unhandledPromptBehavior: dismiss and notify, webauthn:extension:credBlob: true, webauthn:extension:largeBlob: true, webauthn:extension:minPinLength: true, webauthn:extension:prf: true, webauthn:virtualAuthenticators: true}
Session ID: 581a152056e5250415ec38d4e5dd72db
*** Element info: {Using=id, value=spanMessage}
at java.base/jdk.internal.reflect.NativeConstructorAccessorImpl.newInstance0(Native Method)
at java.base/jdk.internal.reflect.NativeConstructorAccessorImpl.newInstance(NativeConstructorAccessorImpl.java:62)
at java.base/jdk.internal.reflect.DelegatingConstructorAccessorImpl.newInstance(DelegatingConstructorAccessorImpl.java:45)
at java.base/java.lang.reflect.Constructor.newInstance(Constructor.java:490)
at org.openqa.selenium.remote.http.W3CHttpResponseCodec.createException(W3CHttpResponseCodec.java:187)
at org.openqa.selenium.remote.http.W3CHttpResponseCodec.decode(W3CHttpResponseCodec.java:122)
at org.openqa.selenium.remote.http.W3CHttpResponseCodec.decode(W3CHttpResponseCodec.java:49)
at org.openqa.selenium.remote.HttpCommandExecutor.execute(HttpCommandExecutor.java:158)
at org.openqa.selenium.remote.service.DriverCommandExecutor.execute(DriverCommandExecutor.java:83)
at org.openqa.selenium.remote.RemoteWebDriver.execute(RemoteWebDriver.java:552)
at org.openqa.selenium.remote.RemoteWebDriver.findElement(RemoteWebDriver.java:323)
at org.openqa.selenium.remote.RemoteWebDriver.findElementById(RemoteWebDriver.java:372)
at org.openqa.selenium.By$ById.findElement(By.java:188)
at org.openqa.selenium.remote.RemoteWebDriver.findElement(RemoteWebDriver.java:315)
at Orangehrm.library.LoginPage.isErrorMessageDisplayed(LoginPage.java:58)
at Orangehrm.testcases.LoginPageTestCases.loginTestCaseInavalid(LoginPageTestCases.java:57)
at java.base/jdk.internal.reflect.NativeMethodAccessorImpl.invoke0(Native Method)
at java.base/jdk.internal.reflect.NativeMethodAccessorImpl.invoke(NativeMethodAccessorImpl.java:62)
at java.base/jdk.internal.reflect.DelegatingMethodAccessorImpl.invoke(DelegatingMethodAccessorImpl.java:43)
at java.base/java.lang.reflect.Method.invoke(Method.java:566)
at org.testng.internal.MethodInvocationHelper.invokeMethod(MethodInvocationHelper.java:132)
at org.testng.internal.TestInvoker.invokeMethod(TestInvoker.java:599)
at org.testng.internal.TestInvoker.invokeTestMethod(TestInvoker.java:174)
at org.testng.internal.MethodRunner.runInSequence(MethodRunner.java:46)
at org.testng.internal.TestInvoker$MethodInvocationAgent.invoke(TestInvoker.java:822)
at org.testng.internal.TestInvoker.invokeTestMethods(TestInvoker.java:147)
at org.testng.internal.TestMethodWorker.invokeTestMethods(TestMethodWorker.java:146)
at org.testng.internal.TestMethodWorker.run(TestMethodWorker.java:128)
at java.base/java.util.ArrayList.forEach(ArrayList.java:1541)
at org.testng.TestRunner.privateRun(TestRunner.java:764)
at org.testng.TestRunner.run(TestRunner.java:585)
at org.testng.SuiteRunner.runTest(SuiteRunner.java:384)
at org.testng.SuiteRunner.runSequentially(SuiteRunner.java:378)
at org.testng.SuiteRunner.privateRun(SuiteRunner.java:337)
at org.testng.SuiteRunner.run(SuiteRunner.java:286)
at org.testng.SuiteRunnerWorker.runSuite(SuiteRunnerWorker.java:53)
at org.testng.SuiteRunnerWorker.run(SuiteRunnerWorker.java:96)
at org.testng.TestNG.runSuitesSequentially(TestNG.java:1218)
at org.testng.TestNG.runSuitesLocally(TestNG.java:1140)
at org.testng.TestNG.runSuites(TestNG.java:1069)
at org.testng.TestNG.run(TestNG.java:1037)
at org.apache.maven.surefire.testng.TestNGExecutor.run(TestNGExecutor.java:283)
at org.apache.maven.surefire.testng.TestNGXmlTestSuite.execute(TestNGXmlTestSuite.java:75)
at org.apache.maven.surefire.testng.TestNGProvider.invoke(TestNGProvider.java:120)
at org.apache.maven.surefire.booter.ForkedBooter.invokeProviderInSameClassLoader(ForkedBooter.java:384)
at org.apache.maven.surefire.booter.ForkedBooter.runSuitesInProcess(ForkedBooter.java:345)
at org.apache.maven.surefire.booter.ForkedBooter.execute(ForkedBooter.java:126)
at org.apache.maven.surefire.booter.ForkedBooter.main(ForkedBooter.java:418)
]]>
            </full-stacktrace>
          </exception> <!-- org.openqa.selenium.NoSuchElementException -->
          <reporter-output>
          </reporter-output>
        </test-method> <!-- loginTestCaseInavalid -->
        <test-method is-config="true" signature="afterlogin()[pri:0, instance:Orangehrm.testcases.LoginPageTestCases@38320e34]" started-at="2024-02-19T20:15:40 IST" name="afterlogin" finished-at="2024-02-19T20:15:41 IST" duration-ms="337" status="PASS">
          <reporter-output>
          </reporter-output>
        </test-method> <!-- afterlogin -->
      </class> <!-- Orangehrm.testcases.LoginPageTestCases -->
    </test> <!-- Test -->
  </suite> <!-- Suite -->
</testng-results>
