<?xml version="1.0" encoding="UTF-8"?>
<testng-results ignored="0" total="2" passed="2" failed="0" skipped="0">
  <reporter-output>
  </reporter-output>
  <suite started-at="2024-02-13T22:10:50 IST" name="Suite" finished-at="2024-02-13T22:11:22 IST" duration-ms="31471">
    <groups>
    </groups>
    <test started-at="2024-02-13T22:10:50 IST" name="Test" finished-at="2024-02-13T22:11:22 IST" duration-ms="31471">
      <class name="Orangehrm.testcases.LoginPageTestCases">
        <test-method is-config="true" signature="Beforelogin()[pri:0, instance:Orangehrm.testcases.LoginPageTestCases@1ed4ae0f]" started-at="2024-02-13T22:10:50 IST" name="Beforelogin" finished-at="2024-02-13T22:10:55 IST" duration-ms="4541" status="PASS">
          <reporter-output>
          </reporter-output>
        </test-method> <!-- Beforelogin -->
        <test-method signature="loginTestCase()[pri:0, instance:Orangehrm.testcases.LoginPageTestCases@1ed4ae0f]" started-at="2024-02-13T22:10:55 IST" name="loginTestCase" finished-at="2024-02-13T22:10:57 IST" duration-ms="1823" status="PASS">
          <reporter-output>
          </reporter-output>
        </test-method> <!-- loginTestCase -->
        <test-method is-config="true" signature="afterlogin()[pri:0, instance:Orangehrm.testcases.LoginPageTestCases@1ed4ae0f]" started-at="2024-02-13T22:10:57 IST" name="afterlogin" finished-at="2024-02-13T22:10:57 IST" duration-ms="456" status="PASS">
          <reporter-output>
          </reporter-output>
        </test-method> <!-- afterlogin -->
        <test-method is-config="true" signature="Beforelogin()[pri:0, instance:Orangehrm.testcases.LoginPageTestCases@1ed4ae0f]" started-at="2024-02-13T22:10:57 IST" name="Beforelogin" finished-at="2024-02-13T22:11:00 IST" duration-ms="3127" status="PASS">
          <reporter-output>
          </reporter-output>
        </test-method> <!-- Beforelogin -->
        <test-method signature="loginTestCaseInavalid()[pri:0, instance:Orangehrm.testcases.LoginPageTestCases@1ed4ae0f]" started-at="2024-02-13T22:11:00 IST" name="loginTestCaseInavalid" finished-at="2024-02-13T22:11:21 IST" duration-ms="21014" status="PASS">
          <reporter-output>
          </reporter-output>
        </test-method> <!-- loginTestCaseInavalid -->
        <test-method is-config="true" signature="afterlogin()[pri:0, instance:Orangehrm.testcases.LoginPageTestCases@1ed4ae0f]" started-at="2024-02-13T22:11:21 IST" name="afterlogin" finished-at="2024-02-13T22:11:22 IST" duration-ms="397" status="PASS">
          <reporter-output>
          </reporter-output>
        </test-method> <!-- afterlogin -->
      </class> <!-- Orangehrm.testcases.LoginPageTestCases -->
    </test> <!-- Test -->
  </suite> <!-- Suite -->
</testng-results>
